<?xml version="1.0" encoding="UTF-8"?>
<testsuite name="com.example.project.TestBookStore" tests="6" skipped="0" failures="0" errors="0" timestamp="2025-01-16T13:28:08" hostname="codespaces-100dcb" time="0.123">
  <properties/>
  <testcase name="testAddBook()" classname="com.example.project.TestBookStore" time="0.023"/>
  <testcase name="testAddUser()" classname="com.example.project.TestBookStore" time="0.012"/>
  <testcase name="testInsertBooK()" classname="com.example.project.TestBookStore" time="0.007"/>
  <testcase name="testRemoveBook()" classname="com.example.project.TestBookStore" time="0.005"/>
  <testcase name="testRemoveUser()" classname="com.example.project.TestBookStore" time="0.006"/>
  <testcase name="testConsolidateUsers()" classname="com.example.project.TestBookStore" time="0.009"/>
  <system-out><![CDATA[]]></system-out>
  <system-err><![CDATA[]]></system-err>
</testsuite>
