<?xml version="1.0" encoding="UTF-8"?>
<testsuite name="com.example.project.TestUser" tests="2" skipped="0" failures="0" errors="0" timestamp="2025-01-15T14:03:06" hostname="codespaces-100dcb" time="0.029">
  <properties/>
  <testcase name="testUserConstructor()" classname="com.example.project.TestUser" time="0.025"/>
  <testcase name="testUserInfo()" classname="com.example.project.TestUser" time="0.003"/>
  <system-out><![CDATA[]]></system-out>
  <system-err><![CDATA[]]></system-err>
</testsuite>
